<?xml version="1.0" encoding="UTF-8"?>
<robot generator="Robot 6.1.1 (Python 3.11.5 on win32)" generated="20231209 15:13:12.626" rpa="false" schemaversion="4">
<suite id="s1" name="TS04 TransferFunds" source="C:\Users\bittu.saishreyas\PycharmProjects\GitPush\parabankRobotProject\tests\TS04_TransferFunds.robot">
<kw name="Init" library="Generic" type="SETUP">
<kw name="Register Keyword To Run On Failure" library="SeleniumLibrary">
<arg>Screenshots_Directory</arg>
<doc>Sets the keyword to execute, when a SeleniumLibrary keyword fails.</doc>
<msg timestamp="20231209 15:13:13.286" level="INFO">Screenshots_Directory will be run on failure.</msg>
<status status="PASS" starttime="20231209 15:13:13.286" endtime="20231209 15:13:13.286"/>
</kw>
<status status="PASS" starttime="20231209 15:13:13.286" endtime="20231209 15:13:13.286"/>
</kw>
<test id="s1-t1" name="TC01 Transfer Funds from one account to another" line="19">
<kw name="open the browser with url" library="Generic" type="SETUP">
<kw name="Create Webdriver" library="SeleniumLibrary">
<arg>${browser_name}</arg>
<arg>resources/${browser_name}</arg>
<doc>Creates an instance of Selenium WebDriver.</doc>
<msg timestamp="20231209 15:13:13.286" level="INFO">Creating an instance of the Chrome WebDriver.</msg>
<status status="PASS" starttime="20231209 15:13:13.286" endtime="20231209 15:13:17.221"/>
</kw>
<kw name="Delete All Cookies" library="SeleniumLibrary">
<doc>Deletes all cookies.</doc>
<status status="PASS" starttime="20231209 15:13:17.221" endtime="20231209 15:13:26.429"/>
</kw>
<kw name="Go To" library="SeleniumLibrary">
<arg>${url}</arg>
<doc>Navigates the current browser window to the provided ``url``.</doc>
<msg timestamp="20231209 15:13:26.429" level="INFO">Opening url 'https://parabank.parasoft.com/parabank/index.htm'</msg>
<status status="PASS" starttime="20231209 15:13:26.429" endtime="20231209 15:13:32.157"/>
</kw>
<kw name="Maximize Browser Window" library="SeleniumLibrary">
<doc>Maximizes current browser window.</doc>
<status status="PASS" starttime="20231209 15:13:32.158" endtime="20231209 15:13:32.295"/>
</kw>
<status status="PASS" starttime="20231209 15:13:13.286" endtime="20231209 15:13:32.295"/>
</kw>
<kw name="Fill the login form" library="LandingPage">
<arg>${username}</arg>
<arg>${password}</arg>
<kw name="Input Text" library="SeleniumLibrary">
<arg>css:.input[name='username']</arg>
<arg>${username}</arg>
<doc>Types the given ``text`` into the text field identified by ``locator``.</doc>
<msg timestamp="20231209 15:13:32.297" level="INFO">Typing text 'first1' into text field 'css:.input[name='username']'.</msg>
<status status="PASS" starttime="20231209 15:13:32.297" endtime="20231209 15:13:32.428"/>
</kw>
<kw name="Input Password" library="SeleniumLibrary">
<arg>css:.input[name='password']</arg>
<arg>${password}</arg>
<doc>Types the given password into the text field identified by ``locator``.</doc>
<msg timestamp="20231209 15:13:32.429" level="INFO">Typing password into text field 'css:.input[name='password']'.</msg>
<msg timestamp="20231209 15:13:32.474" level="INFO">Temporally setting log level to: NONE</msg>
<msg timestamp="20231209 15:13:32.562" level="INFO">Log level changed from NONE to INFO.</msg>
<status status="PASS" starttime="20231209 15:13:32.429" endtime="20231209 15:13:32.562"/>
</kw>
<kw name="Click Button" library="SeleniumLibrary">
<arg>css:.button[value='Log In']</arg>
<doc>Clicks the button identified by ``locator``.</doc>
<msg timestamp="20231209 15:13:32.562" level="INFO">Clicking button 'css:.button[value='Log In']'.</msg>
<status status="PASS" starttime="20231209 15:13:32.562" endtime="20231209 15:13:35.430"/>
</kw>
<status status="PASS" starttime="20231209 15:13:32.296" endtime="20231209 15:13:35.430"/>
</kw>
<kw name="Transfer funds" library="TransferFundsPage">
<kw name="Wait Until Element Is Visible" library="SeleniumLibrary">
<arg>${title}</arg>
<doc>Waits until the element ``locator`` is visible.</doc>
<status status="PASS" starttime="20231209 15:13:35.430" endtime="20231209 15:13:35.467"/>
</kw>
<kw name="Click Element" library="SeleniumLibrary">
<arg>xpath://div[@id='leftPanel']/ul/li/a[.='Transfer Funds']</arg>
<doc>Click the element identified by ``locator``.</doc>
<msg timestamp="20231209 15:13:35.468" level="INFO">Clicking element 'xpath://div[@id='leftPanel']/ul/li/a[.='Transfer Funds']'.</msg>
<status status="PASS" starttime="20231209 15:13:35.467" endtime="20231209 15:13:35.975"/>
</kw>
<kw name="Wait Until Element Is Visible" library="SeleniumLibrary">
<arg>${title}</arg>
<doc>Waits until the element ``locator`` is visible.</doc>
<status status="PASS" starttime="20231209 15:13:35.976" endtime="20231209 15:13:36.012"/>
</kw>
<kw name="Element Text Should Be" library="SeleniumLibrary">
<arg>${title}</arg>
<arg>Transfer Funds</arg>
<doc>Verifies that element ``locator`` contains exact the text ``expected``.</doc>
<msg timestamp="20231209 15:13:36.013" level="INFO">Verifying element 'css:.title' contains exact text 'Transfer Funds'.</msg>
<status status="PASS" starttime="20231209 15:13:36.012" endtime="20231209 15:13:36.038"/>
</kw>
<kw name="Get Value From User" library="Dialogs">
<var>${amount_from_user}</var>
<arg>Enter Amount</arg>
<doc>Pauses execution and asks user to input a value.</doc>
<msg timestamp="20231209 15:13:40.545" level="INFO">${amount_from_user} = 100</msg>
<status status="PASS" starttime="20231209 15:13:36.038" endtime="20231209 15:13:40.545"/>
</kw>
<kw name="Input Text" library="SeleniumLibrary">
<arg>amount</arg>
<arg>${amount_from_user}</arg>
<doc>Types the given ``text`` into the text field identified by ``locator``.</doc>
<msg timestamp="20231209 15:13:40.548" level="INFO">Typing text '100' into text field 'amount'.</msg>
<status status="PASS" starttime="20231209 15:13:40.545" endtime="20231209 15:13:40.701"/>
</kw>
<kw name="Click Button" library="SeleniumLibrary">
<arg>css:.button[value='Transfer']</arg>
<doc>Clicks the button identified by ``locator``.</doc>
<msg timestamp="20231209 15:13:40.701" level="INFO">Clicking button 'css:.button[value='Transfer']'.</msg>
<status status="PASS" starttime="20231209 15:13:40.701" endtime="20231209 15:13:40.807"/>
</kw>
<kw name="Set Selenium Implicit Wait" library="SeleniumLibrary">
<arg>10seconds</arg>
<doc>Sets the implicit wait value used by Selenium.</doc>
<status status="PASS" starttime="20231209 15:13:40.807" endtime="20231209 15:13:40.898"/>
</kw>
<kw name="Wait Until Page Contains" library="SeleniumLibrary">
<arg>${amount_from user}</arg>
<doc>Waits until ``text`` appears on the current page.</doc>
<status status="PASS" starttime="20231209 15:13:40.898" endtime="20231209 15:13:41.934"/>
</kw>
<kw name="Get Text" library="SeleniumLibrary">
<var>${page_title}</var>
<arg>xpath://h1</arg>
<doc>Returns the text value of the element identified by ``locator``.</doc>
<msg timestamp="20231209 15:13:41.965" level="INFO">${page_title} = Transfer Complete!</msg>
<status status="PASS" starttime="20231209 15:13:41.934" endtime="20231209 15:13:41.965"/>
</kw>
<kw name="Log" library="BuiltIn">
<arg>${page_title}</arg>
<doc>Logs the given message with the given level.</doc>
<msg timestamp="20231209 15:13:41.965" level="INFO">Transfer Complete!</msg>
<status status="PASS" starttime="20231209 15:13:41.965" endtime="20231209 15:13:41.965"/>
</kw>
<kw name="Element Should Contain" library="SeleniumLibrary">
<arg>//div[@id='rightPanel']/div/div/p[1]</arg>
<arg>$${amount_from_user}.00 has been transferred</arg>
<doc>Verifies that element ``locator`` contains text ``expected``.</doc>
<msg timestamp="20231209 15:13:41.996" level="INFO">Element '//div[@id='rightPanel']/div/div/p[1]' contains text '$100.00 has been transferred'.</msg>
<status status="PASS" starttime="20231209 15:13:41.965" endtime="20231209 15:13:41.996"/>
</kw>
<status status="PASS" starttime="20231209 15:13:35.430" endtime="20231209 15:13:41.996"/>
</kw>
<kw name="Close Browser Session" library="Generic" type="TEARDOWN">
<kw name="Close Browser" library="SeleniumLibrary">
<doc>Closes the current browser.</doc>
<status status="PASS" starttime="20231209 15:13:41.996" endtime="20231209 15:13:44.356"/>
</kw>
<status status="PASS" starttime="20231209 15:13:41.996" endtime="20231209 15:13:44.356"/>
</kw>
<status status="PASS" starttime="20231209 15:13:13.286" endtime="20231209 15:13:44.356"/>
</test>
<doc>To validate the Account Overview page</doc>
<status status="PASS" starttime="20231209 15:13:12.626" endtime="20231209 15:13:44.356"/>
</suite>
<statistics>
<total>
<stat pass="1" fail="0" skip="0">All Tests</stat>
</total>
<tag>
</tag>
<suite>
<stat pass="1" fail="0" skip="0" id="s1" name="TS04 TransferFunds">TS04 TransferFunds</stat>
</suite>
</statistics>
<errors>
</errors>
</robot>
